\BOOKMARK [1][-]{section.1}{\376\377\000A\000u\000s\000g\000a\000n\000g\000s\000s\000i\000t\000u\000a\000t\000i\000o\000n\000\040\000u\000n\000d\000\040\000Z\000i\000e\000l\000s\000e\000t\000z\000u\000n\000g}{}% 1
\BOOKMARK [1][-]{section.2}{\376\377\000G\000r\000u\000n\000d\000l\000a\000g\000e\000n\000\040\000d\000e\000r\000\040\0003\000D\000\040\000K\000e\000y\000p\000o\000i\000n\000t\000\040\000D\000e\000t\000e\000c\000t\000i\000o\000n}{}% 2
\BOOKMARK [2][-]{subsection.2.1}{\376\377\000W\000a\000s\000\040\000s\000i\000n\000d\000\040\0003\000D\000-\000K\000e\000y\000p\000o\000i\000n\000t\000s\000?}{section.2}% 3
\BOOKMARK [2][-]{subsection.2.2}{\376\377\000W\000i\000c\000h\000t\000i\000g\000e\000\040\000E\000i\000g\000e\000n\000s\000c\000h\000a\000f\000t\000e\000n\000\040\000g\000u\000t\000e\000r\000\040\000K\000e\000y\000p\000o\000i\000n\000t\000s}{section.2}% 4
\BOOKMARK [2][-]{subsection.2.3}{\376\377\000S\000u\000p\000e\000r\000v\000i\000s\000e\000d\000,\000\040\000w\000e\000a\000k\000l\000y\000\040\000s\000u\000p\000e\000r\000v\000i\000s\000e\000d\000,\000\040\000s\000e\000l\000f\000-\000s\000u\000p\000e\000r\000v\000i\000s\000e\000d\000\040\000u\000n\000d\000\040\000u\000n\000s\000u\000p\000e\000r\000v\000i\000s\000e\000d}{section.2}% 5
\BOOKMARK [1][-]{section.3}{\376\377\000D\000a\000t\000e\000n\000g\000r\000u\000n\000d\000l\000a\000g\000e\000:\000\040\000K\000e\000y\000p\000o\000i\000n\000t\000N\000e\000t}{}% 6
\BOOKMARK [2][-]{subsection.3.1}{\376\377\000K\000u\000r\000z\000b\000e\000s\000c\000h\000r\000e\000i\000b\000u\000n\000g}{section.3}% 7
\BOOKMARK [2][-]{subsection.3.2}{\376\377\000R\000e\000p\000o\000s\000i\000t\000o\000r\000y\000\040\000u\000n\000d\000\040\000D\000a\000t\000e\000n\000s\000t\000r\000u\000k\000t\000u\000r}{section.3}% 8
\BOOKMARK [2][-]{subsection.3.3}{\376\377\000B\000e\000d\000e\000u\000t\000u\000n\000g\000\040\000f\000\374\000r\000\040\000T\000r\000a\000i\000n\000i\000n\000g\000\040\000u\000n\000d\000\040\000E\000v\000a\000l\000u\000a\000t\000i\000o\000n}{section.3}% 9
\BOOKMARK [1][-]{section.4}{\376\377\0003\000D\000F\000e\000a\000t\000-\000N\000e\000t\000:\000\040\000W\000e\000a\000k\000l\000y\000\040\000S\000u\000p\000e\000r\000v\000i\000s\000e\000d\000\040\000L\000o\000c\000a\000l\000\040\0003\000D\000\040\000F\000e\000a\000t\000u\000r\000e\000s\000\040\000f\000o\000r\000\040\000P\000o\000i\000n\000t\000\040\000C\000l\000o\000u\000d\000\040\000R\000e\000g\000i\000s\000t\000r\000a\000t\000i\000o\000n}{}% 10
\BOOKMARK [2][-]{subsection.4.1}{\376\377\000R\000e\000p\000o\000s\000i\000t\000o\000r\000y\000\040\000u\000n\000d\000\040\000p\000r\000a\000k\000t\000i\000s\000c\000h\000e\000\040\000N\000u\000t\000z\000u\000n\000g}{section.4}% 11
\BOOKMARK [2][-]{subsection.4.2}{\376\377\000P\000r\000o\000b\000l\000e\000m\000s\000t\000e\000l\000l\000u\000n\000g}{section.4}% 12
\BOOKMARK [2][-]{subsection.4.3}{\376\377\000G\000r\000u\000n\000d\000i\000d\000e\000e\000\040\000d\000e\000s\000\040\000V\000e\000r\000f\000a\000h\000r\000e\000n\000s}{section.4}% 13
\BOOKMARK [2][-]{subsection.4.4}{\376\377\000M\000o\000d\000e\000l\000l\000a\000r\000c\000h\000i\000t\000e\000k\000t\000u\000r\000\040\000u\000n\000d\000\040\000T\000r\000a\000i\000n\000i\000n\000g}{section.4}% 14
\BOOKMARK [2][-]{subsection.4.5}{\376\377\000E\000i\000n\000o\000r\000d\000n\000u\000n\000g\000\040\000f\000\374\000r\000\040\000d\000a\000s\000\040\000P\000r\000o\000j\000e\000k\000t}{section.4}% 15
\BOOKMARK [1][-]{section.5}{\376\377\000U\000K\000P\000G\000A\000N\000:\000\040\000A\000\040\000G\000e\000n\000e\000r\000a\000l\000\040\000S\000e\000l\000f\000-\000S\000u\000p\000e\000r\000v\000i\000s\000e\000d\000\040\000K\000e\000y\000p\000o\000i\000n\000t\000\040\000D\000e\000t\000e\000c\000t\000o\000r}{}% 16
\BOOKMARK [2][-]{subsection.5.1}{\376\377\000R\000e\000p\000o\000s\000i\000t\000o\000r\000y\000\040\000u\000n\000d\000\040\000p\000r\000a\000k\000t\000i\000s\000c\000h\000e\000\040\000N\000u\000t\000z\000u\000n\000g}{section.5}% 17
\BOOKMARK [2][-]{subsection.5.2}{\376\377\000P\000r\000o\000b\000l\000e\000m\000s\000t\000e\000l\000l\000u\000n\000g}{section.5}% 18
\BOOKMARK [2][-]{subsection.5.3}{\376\377\000G\000r\000u\000n\000d\000i\000d\000e\000e\000\040\000d\000e\000s\000\040\000V\000e\000r\000f\000a\000h\000r\000e\000n\000s}{section.5}% 19
\BOOKMARK [2][-]{subsection.5.4}{\376\377\000R\000o\000t\000a\000t\000i\000o\000n\000i\000n\000v\000a\000r\000i\000a\000n\000t\000e\000\040\000M\000e\000r\000k\000m\000a\000l\000e}{section.5}% 20
\BOOKMARK [2][-]{subsection.5.5}{\376\377\000T\000r\000a\000i\000n\000i\000n\000g\000\040\000u\000n\000d\000\040\000V\000e\000r\000l\000u\000s\000t\000e}{section.5}% 21
\BOOKMARK [2][-]{subsection.5.6}{\376\377\000E\000i\000n\000o\000r\000d\000n\000u\000n\000g\000\040\000f\000\374\000r\000\040\000d\000a\000s\000\040\000P\000r\000o\000j\000e\000k\000t}{section.5}% 22
\BOOKMARK [1][-]{section.6}{\376\377\000S\000k\000e\000l\000e\000t\000o\000n\000\040\000M\000e\000r\000g\000e\000r\000:\000\040\000A\000n\000\040\000U\000n\000s\000u\000p\000e\000r\000v\000i\000s\000e\000d\000\040\000A\000l\000i\000g\000n\000e\000d\000\040\000K\000e\000y\000p\000o\000i\000n\000t\000\040\000D\000e\000t\000e\000c\000t\000o\000r}{}% 23
\BOOKMARK [2][-]{subsection.6.1}{\376\377\000R\000e\000p\000o\000s\000i\000t\000o\000r\000y\000\040\000u\000n\000d\000\040\000p\000r\000a\000k\000t\000i\000s\000c\000h\000e\000\040\000N\000u\000t\000z\000u\000n\000g}{section.6}% 24
\BOOKMARK [2][-]{subsection.6.2}{\376\377\000P\000r\000o\000b\000l\000e\000m\000s\000t\000e\000l\000l\000u\000n\000g}{section.6}% 25
\BOOKMARK [2][-]{subsection.6.3}{\376\377\000G\000r\000u\000n\000d\000i\000d\000e\000e\000\040\000d\000e\000s\000\040\000V\000e\000r\000f\000a\000h\000r\000e\000n\000s}{section.6}% 26
\BOOKMARK [2][-]{subsection.6.4}{\376\377\000C\000o\000m\000p\000o\000s\000i\000t\000e\000\040\000C\000h\000a\000m\000f\000e\000r\000\040\000D\000i\000s\000t\000a\000n\000c\000e}{section.6}% 27
\BOOKMARK [2][-]{subsection.6.5}{\376\377\000A\000u\000s\000r\000i\000c\000h\000t\000u\000n\000g\000\040\000u\000n\000d\000\040\000S\000e\000m\000a\000n\000t\000i\000k}{section.6}% 28
\BOOKMARK [2][-]{subsection.6.6}{\376\377\000E\000i\000n\000o\000r\000d\000n\000u\000n\000g\000\040\000f\000\374\000r\000\040\000d\000a\000s\000\040\000P\000r\000o\000j\000e\000k\000t}{section.6}% 29
\BOOKMARK [1][-]{section.7}{\376\377\000S\000C\0003\000K\000:\000\040\000S\000e\000l\000f\000-\000s\000u\000p\000e\000r\000v\000i\000s\000e\000d\000\040\000a\000n\000d\000\040\000C\000o\000h\000e\000r\000e\000n\000t\000\040\0003\000D\000\040\000K\000e\000y\000p\000o\000i\000n\000t\000s\000\040\000E\000s\000t\000i\000m\000a\000t\000i\000o\000n}{}% 30
\BOOKMARK [2][-]{subsection.7.1}{\376\377\000R\000e\000p\000o\000s\000i\000t\000o\000r\000y\000\040\000u\000n\000d\000\040\000p\000r\000a\000k\000t\000i\000s\000c\000h\000e\000\040\000N\000u\000t\000z\000u\000n\000g}{section.7}% 31
\BOOKMARK [2][-]{subsection.7.2}{\376\377\000P\000r\000o\000b\000l\000e\000m\000s\000t\000e\000l\000l\000u\000n\000g}{section.7}% 32
\BOOKMARK [2][-]{subsection.7.3}{\376\377\000G\000r\000u\000n\000d\000i\000d\000e\000e\000\040\000d\000e\000s\000\040\000V\000e\000r\000f\000a\000h\000r\000e\000n\000s}{section.7}% 33
\BOOKMARK [2][-]{subsection.7.4}{\376\377\000M\000o\000d\000e\000l\000l\000a\000r\000c\000h\000i\000t\000e\000k\000t\000u\000r\000\040\000u\000n\000d\000\040\000V\000e\000r\000l\000u\000s\000t\000e}{section.7}% 34
\BOOKMARK [2][-]{subsection.7.5}{\376\377\000E\000i\000n\000o\000r\000d\000n\000u\000n\000g\000\040\000f\000\374\000r\000\040\000d\000a\000s\000\040\000P\000r\000o\000j\000e\000k\000t}{section.7}% 35
\BOOKMARK [1][-]{section.8}{\376\377\000K\000e\000y\000p\000o\000i\000n\000t\000D\000E\000T\000R\000:\000\040\000A\000n\000\040\000E\000n\000d\000-\000t\000o\000-\000E\000n\000d\000\040\0003\000D\000\040\000K\000e\000y\000p\000o\000i\000n\000t\000\040\000D\000e\000t\000e\000c\000t\000o\000r}{}% 36
\BOOKMARK [2][-]{subsection.8.1}{\376\377\000R\000e\000p\000o\000s\000i\000t\000o\000r\000y\000\040\000u\000n\000d\000\040\000p\000r\000a\000k\000t\000i\000s\000c\000h\000e\000\040\000N\000u\000t\000z\000u\000n\000g}{section.8}% 37
\BOOKMARK [2][-]{subsection.8.2}{\376\377\000P\000r\000o\000b\000l\000e\000m\000s\000t\000e\000l\000l\000u\000n\000g}{section.8}% 38
\BOOKMARK [2][-]{subsection.8.3}{\376\377\000G\000r\000u\000n\000d\000i\000d\000e\000e\000\040\000d\000e\000s\000\040\000V\000e\000r\000f\000a\000h\000r\000e\000n\000s}{section.8}% 39
\BOOKMARK [2][-]{subsection.8.4}{\376\377\000T\000r\000a\000n\000s\000f\000o\000r\000m\000e\000r\000-\000A\000r\000c\000h\000i\000t\000e\000k\000t\000u\000r}{section.8}% 40
\BOOKMARK [2][-]{subsection.8.5}{\376\377\000T\000r\000a\000i\000n\000i\000n\000g\000\040\000u\000n\000d\000\040\000D\000a\000t\000e\000n}{section.8}% 41
\BOOKMARK [2][-]{subsection.8.6}{\376\377\000E\000i\000n\000o\000r\000d\000n\000u\000n\000g\000\040\000f\000\374\000r\000\040\000d\000a\000s\000\040\000P\000r\000o\000j\000e\000k\000t}{section.8}% 42
\BOOKMARK [1][-]{section.9}{\376\377\000F\000L\0003\000K\000:\000\040\000A\000\040\000F\000a\000s\000t\000\040\000a\000n\000d\000\040\000L\000i\000g\000h\000t\000w\000e\000i\000g\000h\000t\000\040\0003\000D\000\040\000K\000e\000y\000p\000o\000i\000n\000t\000\040\000D\000e\000t\000e\000c\000t\000o\000r}{}% 43
\BOOKMARK [2][-]{subsection.9.1}{\376\377\000R\000e\000p\000o\000s\000i\000t\000o\000r\000y\000\040\000u\000n\000d\000\040\000p\000r\000a\000k\000t\000i\000s\000c\000h\000e\000\040\000N\000u\000t\000z\000u\000n\000g}{section.9}% 44
\BOOKMARK [2][-]{subsection.9.2}{\376\377\000P\000r\000o\000b\000l\000e\000m\000s\000t\000e\000l\000l\000u\000n\000g}{section.9}% 45
\BOOKMARK [2][-]{subsection.9.3}{\376\377\000G\000r\000u\000n\000d\000i\000d\000e\000e\000\040\000d\000e\000s\000\040\000V\000e\000r\000f\000a\000h\000r\000e\000n\000s}{section.9}% 46
\BOOKMARK [2][-]{subsection.9.4}{\376\377\000E\000i\000n\000o\000r\000d\000n\000u\000n\000g\000\040\000f\000\374\000r\000\040\000d\000a\000s\000\040\000P\000r\000o\000j\000e\000k\000t}{section.9}% 47
\BOOKMARK [1][-]{section.10}{\376\377\000M\000e\000t\000h\000o\000d\000i\000s\000c\000h\000e\000\040\000A\000u\000s\000w\000a\000h\000l\000\040\000f\000\374\000r\000\040\000d\000i\000e\000\040\000p\000r\000a\000k\000t\000i\000s\000c\000h\000e\000\040\000U\000m\000s\000e\000t\000z\000u\000n\000g}{}% 48
\BOOKMARK [2][-]{subsection.10.1}{\376\377\000V\000a\000r\000i\000a\000n\000t\000e\000\040\000A\000:\000\040\000S\000k\000e\000l\000e\000t\000o\000n\000\040\000M\000e\000r\000g\000e\000r\000\040\000a\000l\000s\000\040\000H\000a\000u\000p\000t\000m\000e\000t\000h\000o\000d\000e}{section.10}% 49
\BOOKMARK [2][-]{subsection.10.2}{\376\377\000V\000a\000r\000i\000a\000n\000t\000e\000\040\000B\000:\000\040\000S\000C\0003\000K\000\040\000a\000l\000s\000\040\000m\000o\000d\000e\000r\000n\000e\000\040\000s\000e\000l\000b\000s\000t\000\374\000b\000e\000r\000w\000a\000c\000h\000t\000e\000\040\000M\000e\000t\000h\000o\000d\000e}{section.10}% 50
\BOOKMARK [2][-]{subsection.10.3}{\376\377\000V\000a\000r\000i\000a\000n\000t\000e\000\040\000C\000:\000\040\000K\000e\000y\000p\000o\000i\000n\000t\000D\000E\000T\000R\000\040\000a\000l\000s\000\040\000m\000o\000d\000e\000r\000n\000e\000r\000\040\000s\000u\000p\000e\000r\000v\000i\000s\000e\000d\000\040\000A\000n\000s\000a\000t\000z}{section.10}% 51
\BOOKMARK [2][-]{subsection.10.4}{\376\377\000E\000m\000p\000f\000o\000h\000l\000e\000n\000e\000\040\000p\000r\000a\000g\000m\000a\000t\000i\000s\000c\000h\000e\000\040\000V\000o\000r\000g\000e\000h\000e\000n\000s\000w\000e\000i\000s\000e}{section.10}% 52
\BOOKMARK [1][-]{section.11}{\376\377\000E\000v\000a\000l\000u\000a\000t\000i\000o\000n\000\040\000u\000n\000d\000\040\000B\000e\000w\000e\000r\000t\000u\000n\000g\000s\000k\000r\000i\000t\000e\000r\000i\000e\000n}{}% 53
\BOOKMARK [2][-]{subsection.11.1}{\376\377\000Q\000u\000a\000l\000i\000t\000a\000t\000i\000v\000e\000\040\000E\000v\000a\000l\000u\000a\000t\000i\000o\000n}{section.11}% 54
\BOOKMARK [2][-]{subsection.11.2}{\376\377\000Q\000u\000a\000n\000t\000i\000t\000a\000t\000i\000v\000e\000\040\000E\000v\000a\000l\000u\000a\000t\000i\000o\000n}{section.11}% 55
\BOOKMARK [2][-]{subsection.11.3}{\376\377\000R\000e\000p\000r\000o\000d\000u\000z\000i\000e\000r\000b\000a\000r\000k\000e\000i\000t}{section.11}% 56
\BOOKMARK [1][-]{section.12}{\376\377\000F\000a\000z\000i\000t}{}% 57
